-------------------------------------------------------------------------------
Test set: peps.peps_back.controllers.SoundControllerTest
-------------------------------------------------------------------------------
Tests run: 5, Failures: 1, Errors: 4, Skipped: 0, Time elapsed: 0.051 s <<< FAILURE! -- in peps.peps_back.controllers.SoundControllerTest
peps.peps_back.controllers.SoundControllerTest.testDeleteSound -- Time elapsed: 0.008 s <<< ERROR!
java.lang.NullPointerException: Cannot invoke "peps.peps_back.repositories.SoundRepository.findById(Object)" because "this.soundRepository" is null
	at peps.peps_back.controllers.SoundController.deleteSound(SoundController.java:213)
	at peps.peps_back.controllers.SoundControllerTest.testDeleteSound(SoundControllerTest.java:110)
	at java.base/java.lang.reflect.Method.invoke(Method.java:565)
	at java.base/java.util.ArrayList.forEach(ArrayList.java:1604)
	at java.base/java.util.ArrayList.forEach(ArrayList.java:1604)

peps.peps_back.controllers.SoundControllerTest.testUpdateSound -- Time elapsed: 0.002 s <<< ERROR!
java.lang.NullPointerException: Cannot invoke "peps.peps_back.repositories.SoundRepository.findById(Object)" because "this.soundRepository" is null
	at peps.peps_back.controllers.SoundController.updateSound(SoundController.java:183)
	at peps.peps_back.controllers.SoundControllerTest.testUpdateSound(SoundControllerTest.java:95)
	at java.base/java.lang.reflect.Method.invoke(Method.java:565)
	at java.base/java.util.ArrayList.forEach(ArrayList.java:1604)
	at java.base/java.util.ArrayList.forEach(ArrayList.java:1604)

peps.peps_back.controllers.SoundControllerTest.testGetSoundFile -- Time elapsed: 0.002 s <<< ERROR!
java.lang.NullPointerException: Cannot invoke "peps.peps_back.repositories.SoundRepository.findById(Object)" because "this.soundRepository" is null
	at peps.peps_back.controllers.SoundController.getSoundFile(SoundController.java:54)
	at peps.peps_back.controllers.SoundControllerTest.testGetSoundFile(SoundControllerTest.java:64)
	at java.base/java.lang.reflect.Method.invoke(Method.java:565)
	at java.base/java.util.ArrayList.forEach(ArrayList.java:1604)
	at java.base/java.util.ArrayList.forEach(ArrayList.java:1604)

peps.peps_back.controllers.SoundControllerTest.testUploadSound -- Time elapsed: 0.030 s <<< FAILURE!
org.opentest4j.AssertionFailedError: expected: <null> but was: <<400 BAD_REQUEST Bad Request,{error=Le fichier est vide ou manquant},[]>>
	at org.junit.jupiter.api.AssertionFailureBuilder.build(AssertionFailureBuilder.java:151)
	at org.junit.jupiter.api.AssertionFailureBuilder.buildAndThrow(AssertionFailureBuilder.java:132)
	at org.junit.jupiter.api.AssertEquals.failNotEqual(AssertEquals.java:197)
	at org.junit.jupiter.api.AssertEquals.assertEquals(AssertEquals.java:182)
	at org.junit.jupiter.api.AssertEquals.assertEquals(AssertEquals.java:177)
	at org.junit.jupiter.api.Assertions.assertEquals(Assertions.java:1145)
	at peps.peps_back.controllers.SoundControllerTest.testUploadSound(SoundControllerTest.java:80)
	at java.base/java.lang.reflect.Method.invoke(Method.java:565)
	at java.base/java.util.ArrayList.forEach(ArrayList.java:1604)
	at java.base/java.util.ArrayList.forEach(ArrayList.java:1604)

peps.peps_back.controllers.SoundControllerTest.testGetAllSounds -- Time elapsed: 0.001 s <<< ERROR!
java.lang.NullPointerException: Cannot invoke "peps.peps_back.repositories.SoundRepository.findAll()" because "this.soundRepository" is null
	at peps.peps_back.controllers.SoundController.getAllSounds(SoundController.java:38)
	at peps.peps_back.controllers.SoundControllerTest.testGetAllSounds(SoundControllerTest.java:51)
	at java.base/java.lang.reflect.Method.invoke(Method.java:565)
	at java.base/java.util.ArrayList.forEach(ArrayList.java:1604)
	at java.base/java.util.ArrayList.forEach(ArrayList.java:1604)

