-------------------------------------------------------------------------------
Test set: peps.peps_back.controllers.ModuleControllerTest
-------------------------------------------------------------------------------
Tests run: 5, Failures: 0, Errors: 5, Skipped: 0, Time elapsed: 0.022 s <<< FAILURE! -- in peps.peps_back.controllers.ModuleControllerTest
peps.peps_back.controllers.ModuleControllerTest.testCreateModule -- Time elapsed: 0.005 s <<< ERROR!
java.lang.NullPointerException: Cannot invoke "peps.peps_back.controllers.ModuleDTO.getName()" because "dto" is null
	at peps.peps_back.controllers.ModuleController.createModule(ModuleController.java:143)
	at peps.peps_back.controllers.ModuleControllerTest.testCreateModule(ModuleControllerTest.java:95)
	at java.base/java.lang.reflect.Method.invoke(Method.java:565)
	at java.base/java.util.ArrayList.forEach(ArrayList.java:1604)
	at java.base/java.util.ArrayList.forEach(ArrayList.java:1604)

peps.peps_back.controllers.ModuleControllerTest.testUpdateModule -- Time elapsed: 0.004 s <<< ERROR!
java.lang.NullPointerException: Cannot invoke "peps.peps_back.repositories.ModuleRepository.findById(Object)" because "this.moduleRepository" is null
	at peps.peps_back.controllers.ModuleController.updateModule(ModuleController.java:71)
	at peps.peps_back.controllers.ModuleControllerTest.testUpdateModule(ModuleControllerTest.java:80)
	at java.base/java.lang.reflect.Method.invoke(Method.java:565)
	at java.base/java.util.ArrayList.forEach(ArrayList.java:1604)
	at java.base/java.util.ArrayList.forEach(ArrayList.java:1604)

peps.peps_back.controllers.ModuleControllerTest.testGetAllModules -- Time elapsed: 0.002 s <<< ERROR!
java.lang.NullPointerException: Cannot invoke "peps.peps_back.repositories.ModuleRepository.findAll()" because "this.moduleRepository" is null
	at peps.peps_back.controllers.ModuleController.getAllModules(ModuleController.java:24)
	at peps.peps_back.controllers.ModuleControllerTest.testGetAllModules(ModuleControllerTest.java:49)
	at java.base/java.lang.reflect.Method.invoke(Method.java:565)
	at java.base/java.util.ArrayList.forEach(ArrayList.java:1604)
	at java.base/java.util.ArrayList.forEach(ArrayList.java:1604)

peps.peps_back.controllers.ModuleControllerTest.testDeleteModule -- Time elapsed: 0.002 s <<< ERROR!
java.lang.NullPointerException: Cannot invoke "peps.peps_back.repositories.ModuleRepository.findById(Object)" because "this.moduleRepository" is null
	at peps.peps_back.controllers.ModuleController.deleteModule(ModuleController.java:197)
	at peps.peps_back.controllers.ModuleControllerTest.testDeleteModule(ModuleControllerTest.java:110)
	at java.base/java.lang.reflect.Method.invoke(Method.java:565)
	at java.base/java.util.ArrayList.forEach(ArrayList.java:1604)
	at java.base/java.util.ArrayList.forEach(ArrayList.java:1604)

peps.peps_back.controllers.ModuleControllerTest.testGetModule -- Time elapsed: 0.002 s <<< ERROR!
java.lang.NullPointerException: Cannot invoke "peps.peps_back.repositories.ModuleRepository.findById(Object)" because "this.moduleRepository" is null
	at peps.peps_back.controllers.ModuleController.getModule(ModuleController.java:47)
	at peps.peps_back.controllers.ModuleControllerTest.testGetModule(ModuleControllerTest.java:64)
	at java.base/java.lang.reflect.Method.invoke(Method.java:565)
	at java.base/java.util.ArrayList.forEach(ArrayList.java:1604)
	at java.base/java.util.ArrayList.forEach(ArrayList.java:1604)

