-------------------------------------------------------------------------------
Test set: peps.peps_back.controllers.InteractionDTOTest
-------------------------------------------------------------------------------
Tests run: 8, Failures: 0, Errors: 8, Skipped: 0, Time elapsed: 0.042 s <<< FAILURE! -- in peps.peps_back.controllers.InteractionDTOTest
peps.peps_back.controllers.InteractionDTOTest.testGetSetId -- Time elapsed: 0.005 s <<< ERROR!
java.lang.NullPointerException: Cannot invoke "peps.peps_back.controllers.InteractionDTO.getId()" because "instance" is null
	at peps.peps_back.controllers.InteractionDTOTest.testGetSetId(InteractionDTOTest.java:48)
	at java.base/java.lang.reflect.Method.invoke(Method.java:565)
	at java.base/java.util.ArrayList.forEach(ArrayList.java:1604)
	at java.base/java.util.ArrayList.forEach(ArrayList.java:1604)

peps.peps_back.controllers.InteractionDTOTest.testSetId -- Time elapsed: 0.003 s <<< ERROR!
java.lang.NullPointerException: Cannot invoke "peps.peps_back.controllers.InteractionDTO.setId(java.lang.Integer)" because "instance" is null
	at peps.peps_back.controllers.InteractionDTOTest.testSetId(InteractionDTOTest.java:62)
	at java.base/java.lang.reflect.Method.invoke(Method.java:565)
	at java.base/java.util.ArrayList.forEach(ArrayList.java:1604)
	at java.base/java.util.ArrayList.forEach(ArrayList.java:1604)

peps.peps_back.controllers.InteractionDTOTest.testGetDate -- Time elapsed: 0.003 s <<< ERROR!
java.lang.NullPointerException: Cannot invoke "peps.peps_back.controllers.InteractionDTO.getDate()" because "instance" is null
	at peps.peps_back.controllers.InteractionDTOTest.testGetDate(InteractionDTOTest.java:75)
	at java.base/java.lang.reflect.Method.invoke(Method.java:565)
	at java.base/java.util.ArrayList.forEach(ArrayList.java:1604)
	at java.base/java.util.ArrayList.forEach(ArrayList.java:1604)

peps.peps_back.controllers.InteractionDTOTest.testGetType -- Time elapsed: 0.004 s <<< ERROR!
java.lang.NullPointerException: Cannot invoke "peps.peps_back.controllers.InteractionDTO.getType()" because "instance" is null
	at peps.peps_back.controllers.InteractionDTOTest.testGetType(InteractionDTOTest.java:129)
	at java.base/java.lang.reflect.Method.invoke(Method.java:565)
	at java.base/java.util.ArrayList.forEach(ArrayList.java:1604)
	at java.base/java.util.ArrayList.forEach(ArrayList.java:1604)

peps.peps_back.controllers.InteractionDTOTest.testSetModule -- Time elapsed: 0.003 s <<< ERROR!
java.lang.NullPointerException: Cannot invoke "peps.peps_back.controllers.InteractionDTO.setModule(String)" because "instance" is null
	at peps.peps_back.controllers.InteractionDTOTest.testSetModule(InteractionDTOTest.java:116)
	at java.base/java.lang.reflect.Method.invoke(Method.java:565)
	at java.base/java.util.ArrayList.forEach(ArrayList.java:1604)
	at java.base/java.util.ArrayList.forEach(ArrayList.java:1604)

peps.peps_back.controllers.InteractionDTOTest.testGetModule -- Time elapsed: 0.003 s <<< ERROR!
java.lang.NullPointerException: Cannot invoke "peps.peps_back.controllers.InteractionDTO.getModule()" because "instance" is null
	at peps.peps_back.controllers.InteractionDTOTest.testGetModule(InteractionDTOTest.java:102)
	at java.base/java.lang.reflect.Method.invoke(Method.java:565)
	at java.base/java.util.ArrayList.forEach(ArrayList.java:1604)
	at java.base/java.util.ArrayList.forEach(ArrayList.java:1604)

peps.peps_back.controllers.InteractionDTOTest.testSetDate -- Time elapsed: 0.003 s <<< ERROR!
java.lang.NullPointerException: Cannot invoke "peps.peps_back.controllers.InteractionDTO.setDate(java.util.Date)" because "instance" is null
	at peps.peps_back.controllers.InteractionDTOTest.testSetDate(InteractionDTOTest.java:89)
	at java.base/java.lang.reflect.Method.invoke(Method.java:565)
	at java.base/java.util.ArrayList.forEach(ArrayList.java:1604)
	at java.base/java.util.ArrayList.forEach(ArrayList.java:1604)

peps.peps_back.controllers.InteractionDTOTest.testSetType -- Time elapsed: 0.002 s <<< ERROR!
java.lang.NullPointerException: Cannot invoke "peps.peps_back.controllers.InteractionDTO.setType(String)" because "instance" is null
	at peps.peps_back.controllers.InteractionDTOTest.testSetType(InteractionDTOTest.java:143)
	at java.base/java.lang.reflect.Method.invoke(Method.java:565)
	at java.base/java.util.ArrayList.forEach(ArrayList.java:1604)
	at java.base/java.util.ArrayList.forEach(ArrayList.java:1604)

