<?xml version="1.0" encoding="UTF-8"?>
<testsuite xmlns:xsi="http://www.w3.org/2001/XMLSchema-instance" xsi:noNamespaceSchemaLocation="https://maven.apache.org/surefire/maven-surefire-plugin/xsd/surefire-test-report-3.0.xsd" version="3.0" name="peps.peps_back.controllers.DashBoardControllerTest" time="0.013" tests="1" errors="1" skipped="0" failures="0">
  <properties>
[...]
</properties>
  <testcase name="testDashboard" classname="peps.peps_back.controllers.DashBoardControllerTest" time="0.008">
    <error message="Cannot invoke &quot;peps.peps_back.repositories.InteractionRepository.count()&quot; because &quot;this.interactionRepository&quot; is null" type="java.lang.NullPointerException"><![CDATA[java.lang.NullPointerException: Cannot invoke "peps.peps_back.repositories.InteractionRepository.count()" because "this.interactionRepository" is null
	at peps.peps_back.controllers.DashBoardController.dashboard(DashBoardController.java:36)
	at peps.peps_back.controllers.DashBoardControllerTest.testDashboard(DashBoardControllerTest.java:48)
	at java.base/java.lang.reflect.Method.invoke(Method.java:565)
	at java.base/java.util.ArrayList.forEach(ArrayList.java:1604)
	at java.base/java.util.ArrayList.forEach(ArrayList.java:1604)
]]></error>
    <system-out><![CDATA[dashboard
]]></system-out>
  </testcase>
</testsuite>